<?xml version="1.0" encoding="UTF-8"?>
<!-- Generated by org.testng.reporters.JUnitReportReporter -->
<testsuite hostname="LAPTOP-CCE5B3BJ" failures="0" tests="1" name="com.testng.ElectricalBill_TestNG" time="30.508" errors="0" timestamp="2023-01-11T09:16:26 IST" skipped="0">
  <testcase classname="com.testng.ElectricalBill_TestNG" name="Login" time="30.508"/>
  <system-out/>
</testsuite> <!-- com.testng.ElectricalBill_TestNG -->
